<?xml version="1.0" encoding="UTF-8"?>
<testng-results ignored="0" total="9" passed="9" failed="0" skipped="0">
  <reporter-output>
  </reporter-output>
  <suite started-at="2022-11-12T21:49:20 IST" name="Suite" finished-at="2022-11-12T21:50:17 IST" duration-ms="56968">
    <groups>
    </groups>
    <test started-at="2022-11-12T21:49:20 IST" name="browserurl" finished-at="2022-11-12T21:49:32 IST" duration-ms="12263">
      <class name="testcases.OpenBrowserAndUrl_Test">
        <test-method signature="openBrowserAndURL()[pri:1, instance:testcases.OpenBrowserAndUrl_Test@4da602fc]" started-at="2022-11-12T21:49:20 IST" name="openBrowserAndURL" finished-at="2022-11-12T21:49:32 IST" duration-ms="11581" status="PASS">
          <reporter-output>
          </reporter-output>
        </test-method> <!-- openBrowserAndURL -->
      </class> <!-- testcases.OpenBrowserAndUrl_Test -->
    </test> <!-- browserurl -->
    <test started-at="2022-11-12T21:49:32 IST" name="login" finished-at="2022-11-12T21:49:39 IST" duration-ms="6755">
      <class name="testcases.LoginPage_Test">
        <test-method signature="EnterValidCredentials(java.util.Hashtable)[pri:0, instance:testcases.LoginPage_Test@d8305c2]" started-at="2022-11-12T21:49:33 IST" name="EnterValidCredentials" data-provider="dp" finished-at="2022-11-12T21:49:39 IST" duration-ms="6558" status="PASS">
          <params>
            <param index="0">
              <value>
                <![CDATA[{password=Test123, username=testdemowebshop@gmail.com}]]>
              </value>
            </param>
          </params>
          <reporter-output>
          </reporter-output>
        </test-method> <!-- EnterValidCredentials -->
      </class> <!-- testcases.LoginPage_Test -->
    </test> <!-- login -->
    <test started-at="2022-11-12T21:49:39 IST" name="clear" finished-at="2022-11-12T21:49:40 IST" duration-ms="1147">
      <class name="testcases.ClearShoppingPage_Test">
        <test-method signature="clearshoppingcard()[pri:0, instance:testcases.ClearShoppingPage_Test@22b53226]" started-at="2022-11-12T21:49:39 IST" name="clearshoppingcard" finished-at="2022-11-12T21:49:40 IST" duration-ms="1049" status="PASS">
          <reporter-output>
          </reporter-output>
        </test-method> <!-- clearshoppingcard -->
      </class> <!-- testcases.ClearShoppingPage_Test -->
    </test> <!-- clear -->
    <test started-at="2022-11-12T21:49:40 IST" name="additems" finished-at="2022-11-12T21:49:43 IST" duration-ms="2399">
      <class name="testcases.AddBooksPage_Test">
        <test-method signature="addbookspage()[pri:0, instance:testcases.AddBooksPage_Test@e077866]" started-at="2022-11-12T21:49:40 IST" name="addbookspage" finished-at="2022-11-12T21:49:43 IST" duration-ms="2336" status="PASS">
          <reporter-output>
          </reporter-output>
        </test-method> <!-- addbookspage -->
      </class> <!-- testcases.AddBooksPage_Test -->
    </test> <!-- additems -->
    <test started-at="2022-11-12T21:49:43 IST" name="gotocardss" finished-at="2022-11-12T21:49:44 IST" duration-ms="1083">
      <class name="testcases.GotoCardPage_Test">
        <test-method signature="gotocard()[pri:0, instance:testcases.GotoCardPage_Test@3b77a04f]" started-at="2022-11-12T21:49:43 IST" name="gotocard" finished-at="2022-11-12T21:49:44 IST" duration-ms="990" status="PASS">
          <reporter-output>
          </reporter-output>
        </test-method> <!-- gotocard -->
      </class> <!-- testcases.GotoCardPage_Test -->
    </test> <!-- gotocardss -->
    <test started-at="2022-11-12T21:49:44 IST" name="billing" finished-at="2022-11-12T21:49:54 IST" duration-ms="10380">
      <class name="testcases.BillingAddressPage_Test">
        <test-method signature="BillingAdd(java.util.Hashtable)[pri:3, instance:testcases.BillingAddressPage_Test@5974109]" started-at="2022-11-12T21:49:44 IST" name="BillingAdd" data-provider="dp" finished-at="2022-11-12T21:49:54 IST" duration-ms="10211" status="PASS">
          <params>
            <param index="0">
              <value>
                <![CDATA[{phoneno=9.8765432119E10, lname=test1, email=abc1234@gmail.com, zipcode=123456.0, address2=testnew1, address1=door no:12345, city=andhrapradesh, fname=prasad1}]]>
              </value>
            </param>
          </params>
          <reporter-output>
          </reporter-output>
        </test-method> <!-- BillingAdd -->
      </class> <!-- testcases.BillingAddressPage_Test -->
    </test> <!-- billing -->
    <test started-at="2022-11-12T21:49:54 IST" name="checkoutdetails" finished-at="2022-11-12T21:50:00 IST" duration-ms="5870">
      <class name="testcases.CheckoutDetailsPage_Test">
        <test-method signature="checkoutDetails_Page()[pri:0, instance:testcases.CheckoutDetailsPage_Test@7446d8d5]" started-at="2022-11-12T21:49:54 IST" name="checkoutDetails_Page" finished-at="2022-11-12T21:50:00 IST" duration-ms="5784" status="PASS">
          <reporter-output>
          </reporter-output>
        </test-method> <!-- checkoutDetails_Page -->
      </class> <!-- testcases.CheckoutDetailsPage_Test -->
    </test> <!-- checkoutdetails -->
    <test started-at="2022-11-12T21:50:00 IST" name="sucee" finished-at="2022-11-12T21:50:13 IST" duration-ms="13202">
      <class name="testcases.SuccessOrderPage_Test">
        <test-method signature="successOrder_Page()[pri:0, instance:testcases.SuccessOrderPage_Test@47db5fa5]" started-at="2022-11-12T21:50:00 IST" name="successOrder_Page" finished-at="2022-11-12T21:50:13 IST" duration-ms="13148" status="PASS">
          <reporter-output>
          </reporter-output>
        </test-method> <!-- successOrder_Page -->
      </class> <!-- testcases.SuccessOrderPage_Test -->
    </test> <!-- sucee -->
    <test started-at="2022-11-12T21:50:13 IST" name="logout" finished-at="2022-11-12T21:50:17 IST" duration-ms="3675">
      <class name="testcases.LogoutPage_Test">
        <test-method signature="logout()[pri:1, instance:testcases.LogoutPage_Test@7a791b66]" started-at="2022-11-12T21:50:13 IST" name="logout" finished-at="2022-11-12T21:50:17 IST" duration-ms="3134" status="PASS">
          <reporter-output>
          </reporter-output>
        </test-method> <!-- logout -->
        <test-method is-config="true" signature="tearDown()[pri:0, instance:testcases.LogoutPage_Test@7a791b66]" started-at="2022-11-12T21:50:17 IST" name="tearDown" finished-at="2022-11-12T21:50:17 IST" duration-ms="444" status="PASS">
          <reporter-output>
          </reporter-output>
        </test-method> <!-- tearDown -->
      </class> <!-- testcases.LogoutPage_Test -->
    </test> <!-- logout -->
  </suite> <!-- Suite -->
</testng-results>
